<?xml version="1.0" encoding="UTF-8"?>
<testng-results ignored="0" total="1" passed="1" failed="0" skipped="0">
  <reporter-output>
  </reporter-output>
  <suite started-at="2020-10-21T21:02:23 IST" name="Default suite" finished-at="2020-10-21T21:02:58 IST" duration-ms="34483">
    <groups>
    </groups>
    <test started-at="2020-10-21T21:02:23 IST" name="Default test" finished-at="2020-10-21T21:02:58 IST" duration-ms="34483">
      <class name="com.group.TestScripts.SpiceJetTest">
        <test-method signature="spiceJetAirWay()[pri:0, instance:com.group.TestScripts.SpiceJetTest@50caa560]" started-at="2020-10-21T21:02:23 IST" name="spiceJetAirWay" finished-at="2020-10-21T21:02:58 IST" duration-ms="34417" status="PASS">
          <reporter-output>
          </reporter-output>
        </test-method> <!-- spiceJetAirWay -->
      </class> <!-- com.group.TestScripts.SpiceJetTest -->
    </test> <!-- Default test -->
  </suite> <!-- Default suite -->
</testng-results>
