<?xml version="1.0" encoding="UTF-8"?>
<!-- Generated by org.testng.reporters.JUnitXMLReporter -->
<testsuite ignored="0" hostname="RajeshPC" failures="1" tests="1" name="Test" time="0.081" errors="0" timestamp="2020-10-21T21:01:13 IST">
  <testcase classname="com.group.TestScripts.SpiceJetTest" name="spiceJetAirWay" time="0.014">
    <failure type="java.lang.Error" message="Unresolved compilation problem: 
	The method equals(Object) in the type String is not applicable for the arguments ()
">
      <![CDATA[java.lang.Error: Unresolved compilation problem: 
The method equals(Object) in the type String is not applicable for the arguments ()

at com.group.TestScripts.SpiceJetTest.spiceJetAirWay(SpiceJetTest.java:33)
at java.base/java.util.ArrayList.forEach(ArrayList.java:1511)
... Removed 27 stack frames]]>
    </failure>
  </testcase> <!-- spiceJetAirWay -->
</testsuite> <!-- Test -->
